# JRE version: Java(TM) SE Runtime Environment (8.0_40-b26) (build 1.8.0_40-b26)
# Java VM: Java HotSpot(TM) 64-Bit Server VM (25.40-b25 mixed mode windows-amd64 compressed oops)
Heap:
 PSYoungGen      total 151552K, used 43638K [0x00000000eab00000, 0x00000000f5080000, 0x0000000100000000)
  eden space 138752K, 23% used [0x00000000eab00000,0x00000000eca32440,0x00000000f3280000)
  from space 12800K, 91% used [0x00000000f4400000,0x00000000f4f6b778,0x00000000f5080000)
  to   space 15360K, 0% used [0x00000000f3280000,0x00000000f3280000,0x00000000f4180000)
 ParOldGen       total 59392K, used 38299K [0x00000000c0000000, 0x00000000c3a00000, 0x00000000eab00000)
  object space 59392K, 64% used [0x00000000c0000000,0x00000000c2566ec8,0x00000000c3a00000)
 Metaspace       used 47276K, capacity 48814K, committed 49024K, reserved 1091584K
  class space    used 6328K, capacity 6951K, committed 7040K, reserved 1048576K
GC Heap History (10 events):
Event: 55.709 GC heap before
{Heap before GC invocations=12 (full 1):
 PSYoungGen      total 86528K, used 85263K [0x00000000eab00000, 0x00000000f0b80000, 0x0000000100000000)
  eden space 79360K, 100% used [0x00000000eab00000,0x00000000ef880000,0x00000000ef880000)
  from space 7168K, 82% used [0x00000000f0000000,0x00000000f05c3e88,0x00000000f0700000)
  to   space 7680K, 0% used [0x00000000ef880000,0x00000000ef880000,0x00000000f0000000)
 ParOldGen       total 33280K, used 9654K [0x00000000c0000000, 0x00000000c2080000, 0x00000000eab00000)
  object space 33280K, 29% used [0x00000000c0000000,0x00000000c096da70,0x00000000c2080000)
 Metaspace       used 29407K, capacity 30220K, committed 30464K, reserved 1075200K
  class space    used 3766K, capacity 4073K, committed 4096K, reserved 1048576K
Event: 55.886 GC heap after
Heap after GC invocations=12 (full 1):
 PSYoungGen      total 87040K, used 6305K [0x00000000eab00000, 0x00000000f2780000, 0x0000000100000000)
  eden space 79360K, 0% used [0x00000000eab00000,0x00000000eab00000,0x00000000ef880000)
  from space 7680K, 82% used [0x00000000ef880000,0x00000000efea8560,0x00000000f0000000)
  to   space 8192K, 0% used [0x00000000f1f80000,0x00000000f1f80000,0x00000000f2780000)
 ParOldGen       total 33280K, used 13566K [0x00000000c0000000, 0x00000000c2080000, 0x00000000eab00000)
  object space 33280K, 40% used [0x00000000c0000000,0x00000000c0d3f928,0x00000000c2080000)
 Metaspace       used 29407K, capacity 30220K, committed 30464K, reserved 1075200K
  class space    used 3766K, capacity 4073K, committed 4096K, reserved 1048576K
}
Event: 63.069 GC heap before
{Heap before GC invocations=13 (full 1):
 PSYoungGen      total 87040K, used 67722K [0x00000000eab00000, 0x00000000f2780000, 0x0000000100000000)
  eden space 79360K, 77% used [0x00000000eab00000,0x00000000ee6fa568,0x00000000ef880000)
  from space 7680K, 82% used [0x00000000ef880000,0x00000000efea8560,0x00000000f0000000)
  to   space 8192K, 0% used [0x00000000f1f80000,0x00000000f1f80000,0x00000000f2780000)
 ParOldGen       total 33280K, used 13566K [0x00000000c0000000, 0x00000000c2080000, 0x00000000eab00000)
  object space 33280K, 40% used [0x00000000c0000000,0x00000000c0d3f928,0x00000000c2080000)
 Metaspace       used 34419K, capacity 35414K, committed 35456K, reserved 1079296K
  class space    used 4550K, capacity 4950K, committed 4992K, reserved 1048576K
Event: 63.198 GC heap after
Heap after GC invocations=13 (full 1):
 PSYoungGen      total 116736K, used 8175K [0x00000000eab00000, 0x00000000f2d00000, 0x0000000100000000)
  eden space 108544K, 0% used [0x00000000eab00000,0x00000000eab00000,0x00000000f1500000)
  from space 8192K, 99% used [0x00000000f1f80000,0x00000000f277bdd0,0x00000000f2780000)
  to   space 10752K, 0% used [0x00000000f1500000,0x00000000f1500000,0x00000000f1f80000)
 ParOldGen       total 33280K, used 17441K [0x00000000c0000000, 0x00000000c2080000, 0x00000000eab00000)
  object space 33280K, 52% used [0x00000000c0000000,0x00000000c1108750,0x00000000c2080000)
 Metaspace       used 34419K, capacity 35414K, committed 35456K, reserved 1079296K
  class space    used 4550K, capacity 4950K, committed 4992K, reserved 1048576K
}
Event: 63.199 GC heap before
{Heap before GC invocations=14 (full 2):
 PSYoungGen      total 116736K, used 8175K [0x00000000eab00000, 0x00000000f2d00000, 0x0000000100000000)
  eden space 108544K, 0% used [0x00000000eab00000,0x00000000eab00000,0x00000000f1500000)
  from space 8192K, 99% used [0x00000000f1f80000,0x00000000f277bdd0,0x00000000f2780000)
  to   space 10752K, 0% used [0x00000000f1500000,0x00000000f1500000,0x00000000f1f80000)
 ParOldGen       total 33280K, used 17441K [0x00000000c0000000, 0x00000000c2080000, 0x00000000eab00000)
  object space 33280K, 52% used [0x00000000c0000000,0x00000000c1108750,0x00000000c2080000)
 Metaspace       used 34419K, capacity 35414K, committed 35456K, reserved 1079296K
  class space    used 4550K, capacity 4950K, committed 4992K, reserved 1048576K
Event: 64.006 GC heap after
Heap after GC invocations=14 (full 2):
 PSYoungGen      total 116736K, used 0K [0x00000000eab00000, 0x00000000f2d00000, 0x0000000100000000)
  eden space 108544K, 0% used [0x00000000eab00000,0x00000000eab00000,0x00000000f1500000)
  from space 8192K, 0% used [0x00000000f1f80000,0x00000000f1f80000,0x00000000f2780000)
  to   space 10752K, 0% used [0x00000000f1500000,0x00000000f1500000,0x00000000f1f80000)
 ParOldGen       total 59392K, used 22561K [0x00000000c0000000, 0x00000000c3a00000, 0x00000000eab00000)
  object space 59392K, 37% used [0x00000000c0000000,0x00000000c1608520,0x00000000c3a00000)
 Metaspace       used 34419K, capacity 35414K, committed 35456K, reserved 1079296K
  class space    used 4550K, capacity 4950K, committed 4992K, reserved 1048576K
}
Event: 73.261 GC heap before
{Heap before GC invocations=15 (full 2):
 PSYoungGen      total 116736K, used 108544K [0x00000000eab00000, 0x00000000f2d00000, 0x0000000100000000)
  eden space 108544K, 100% used [0x00000000eab00000,0x00000000f1500000,0x00000000f1500000)
  from space 8192K, 0% used [0x00000000f1f80000,0x00000000f1f80000,0x00000000f2780000)
  to   space 10752K, 0% used [0x00000000f1500000,0x00000000f1500000,0x00000000f1f80000)
 ParOldGen       total 59392K, used 22561K [0x00000000c0000000, 0x00000000c3a00000, 0x00000000eab00000)
  object space 59392K, 37% used [0x00000000c0000000,0x00000000c1608520,0x00000000c3a00000)
 Metaspace       used 38430K, capacity 39688K, committed 39936K, reserved 1083392K
  class space    used 5135K, capacity 5578K, committed 5632K, reserved 1048576K
Event: 73.515 GC heap after
Heap after GC invocations=15 (full 2):
 PSYoungGen      total 119296K, used 10731K [0x00000000eab00000, 0x00000000f5200000, 0x0000000100000000)
  eden space 108544K, 0% used [0x00000000eab00000,0x00000000eab00000,0x00000000f1500000)
  from space 10752K, 99% used [0x00000000f1500000,0x00000000f1f7acc0,0x00000000f1f80000)
  to   space 14336K, 0% used [0x00000000f4400000,0x00000000f4400000,0x00000000f5200000)
 ParOldGen       total 59392K, used 27492K [0x00000000c0000000, 0x00000000c3a00000, 0x00000000eab00000)
  object space 59392K, 46% used [0x00000000c0000000,0x00000000c1ad92e8,0x00000000c3a00000)
 Metaspace       used 38430K, capacity 39688K, committed 39936K, reserved 1083392K
  class space    used 5135K, capacity 5578K, committed 5632K, reserved 1048576K
}
Event: 97.736 GC heap before
{Heap before GC invocations=16 (full 2):
 PSYoungGen      total 119296K, used 119275K [0x00000000eab00000, 0x00000000f5200000, 0x0000000100000000)
  eden space 108544K, 100% used [0x00000000eab00000,0x00000000f1500000,0x00000000f1500000)
  from space 10752K, 99% used [0x00000000f1500000,0x00000000f1f7acc0,0x00000000f1f80000)
  to   space 14336K, 0% used [0x00000000f4400000,0x00000000f4400000,0x00000000f5200000)
 ParOldGen       total 59392K, used 27492K [0x00000000c0000000, 0x00000000c3a00000, 0x00000000eab00000)
  object space 59392K, 46% used [0x00000000c0000000,0x00000000c1ad92e8,0x00000000c3a00000)
 Metaspace       used 45834K, capacity 47374K, committed 47616K, reserved 1089536K
  class space    used 6231K, capacity 6855K, committed 6912K, reserved 1048576K
Event: 97.849 GC heap after
Heap after GC invocations=16 (full 2):
 PSYoungGen      total 151552K, used 11693K [0x00000000eab00000, 0x00000000f5080000, 0x0000000100000000)
  eden space 138752K, 0% used [0x00000000eab00000,0x00000000eab00000,0x00000000f3280000)
  from space 12800K, 91% used [0x00000000f4400000,0x00000000f4f6b778,0x00000000f5080000)
  to   space 15360K, 0% used [0x00000000f3280000,0x00000000f3280000,0x00000000f4180000)
 ParOldGen       total 59392K, used 38299K [0x00000000c0000000, 0x00000000c3a00000, 0x00000000eab00000)
  object space 59392K, 64% used [0x00000000c0000000,0x00000000c2566ec8,0x00000000c3a00000)
 Metaspace       used 45834K, capacity 47374K, committed 47616K, reserved 1089536K
  class space    used 6231K, capacity 6855K, committed 6912K, reserved 1048576K
}

